<?xml version="1.0" encoding="UTF-8"?>
<!-- Generated by org.testng.reporters.JUnitReportReporter -->
<testsuite hostname="Vishwanath-Naik" failures="0" tests="1" name="Practice.BrokenLinks" time="31.973" errors="0" timestamp="2023-03-07T20:54:06 IST" skipped="0">
  <testcase classname="Practice.BrokenLinks" name="test" time="31.973"/>
  <system-out/>
</testsuite> <!-- Practice.BrokenLinks -->
