<?xml version="1.0" encoding="UTF-8"?>
<!-- Generated by org.testng.reporters.JUnitReportReporter -->
<testsuite hostname="Vishwanath-Naik" failures="0" tests="1" name="com.Razor.Admin.Admin_create_apartment_and_search" time="60.295" errors="0" timestamp="2023-03-04T15:44:57 IST" skipped="0">
  <testcase classname="com.Razor.Admin.Admin_create_apartment_and_search" name="testScript2" time="60.295"/>
  <system-out/>
</testsuite> <!-- com.Razor.Admin.Admin_create_apartment_and_search -->
