<?xml version="1.0" encoding="UTF-8"?>
<!-- Generated by org.testng.reporters.JUnitReportReporter -->
<testsuite hostname="Vishwanath-Naik" failures="0" tests="1" name="Practice.ShadowElement" time="115.155" errors="0" timestamp="2023-03-08T15:52:04 IST" skipped="0">
  <testcase classname="Practice.ShadowElement" name="test" time="115.155"/>
  <system-out/>
</testsuite> <!-- Practice.ShadowElement -->
