<?xml version="1.0" encoding="UTF-8"?>
<!-- Generated by org.testng.reporters.JUnitReportReporter -->
<testsuite hostname="Vishwanath-Naik" failures="0" tests="1" name="com.Razor.Owner.register_owner_apartment_complaint" time="20.177" errors="0" timestamp="2023-02-24T13:10:16 IST" skipped="0">
  <testcase classname="com.Razor.Owner.register_owner_apartment_complaint" name="testScript4" time="20.177"/>
  <system-out/>
</testsuite> <!-- com.Razor.Owner.register_owner_apartment_complaint -->
