<?xml version="1.0" encoding="UTF-8"?>
<!-- Generated by org.testng.reporters.JUnitReportReporter -->
<testsuite hostname="Vishwanath-Naik" failures="0" tests="1" name="com.Razor.Admin.practice" time="0.015" errors="0" timestamp="2023-02-22T12:24:13 IST" skipped="0">
  <testcase classname="com.Razor.Admin.practice" name="test" time="0.015"/>
  <system-out/>
</testsuite> <!-- com.Razor.Admin.practice -->
