<?xml version="1.0" encoding="UTF-8"?>
<!-- Generated by org.testng.reporters.JUnitReportReporter -->
<testsuite hostname="Vishwanath-Naik" failures="0" tests="1" name="com.Razor.Owner.Owner_edit" time="175.528" errors="0" timestamp="2023-03-07T17:06:05 IST" skipped="0">
  <testcase classname="com.Razor.Owner.Owner_edit" name="testScript3" time="175.528"/>
  <system-out/>
</testsuite> <!-- com.Razor.Owner.Owner_edit -->
