<?xml version="1.0" encoding="UTF-8"?>
<!-- Generated by org.testng.reporters.JUnitReportReporter -->
<testsuite hostname="Vishwanath-Naik" failures="0" tests="1" name="com.Razor.Admin.Admin_registerRoom_and_edit" time="213.772" errors="0" timestamp="2023-02-27T13:01:56 IST" skipped="0">
  <testcase classname="com.Razor.Admin.Admin_registerRoom_and_edit" name="testScipt5" time="213.772"/>
  <system-out/>
</testsuite> <!-- com.Razor.Admin.Admin_registerRoom_and_edit -->
