<?xml version="1.0" encoding="UTF-8"?>
<!-- Generated by org.testng.reporters.JUnitReportReporter -->
<testsuite hostname="Vishwanath-Naik" failures="0" tests="1" name="Practice.Headless" time="9.569" errors="0" timestamp="2023-03-12T20:12:24 IST" skipped="0">
  <testcase classname="Practice.Headless" name="launch" time="9.569"/>
  <system-out/>
</testsuite> <!-- Practice.Headless -->
