<?xml version="1.0" encoding="UTF-8"?>
<!-- Generated by org.testng.reporters.JUnitReportReporter -->
<testsuite hostname="Vishwanath-Naik" failures="0" tests="1" name="Practice.JseDropdown" time="78.226" errors="0" timestamp="2023-03-12T12:58:23 IST" skipped="0">
  <testcase classname="Practice.JseDropdown" name="dropDown" time="78.226"/>
  <system-out/>
</testsuite> <!-- Practice.JseDropdown -->
