<?xml version="1.0" encoding="UTF-8"?>
<!-- Generated by org.testng.reporters.JUnitReportReporter -->
<testsuite hostname="Vishwanath-Naik" failures="0" tests="1" name="Practice.Dynamicxpath" time="74.580" errors="0" timestamp="2023-03-14T21:00:59 IST" skipped="0">
  <testcase classname="Practice.Dynamicxpath" name="test" time="74.580"/>
  <system-out/>
</testsuite> <!-- Practice.Dynamicxpath -->
