<?xml version="1.0" encoding="UTF-8"?>
<!-- Generated by org.testng.reporters.JUnitReportReporter -->
<testsuite hostname="Vishwanath-Naik" failures="0" tests="1" name="com.Razor.Owner.Register_owner_room_complaint" time="20.128" errors="0" timestamp="2023-03-04T12:26:58 IST" skipped="0">
  <testcase classname="com.Razor.Owner.Register_owner_room_complaint" name="testScript4" time="20.128"/>
  <system-out/>
</testsuite> <!-- com.Razor.Owner.Register_owner_room_complaint -->
