<?xml version="1.0" encoding="UTF-8"?>
<!-- Generated by org.testng.reporters.JUnitReportReporter -->
<testsuite hostname="Vishwanath-Naik" failures="0" tests="1" name="Practice.Jse1" time="120.480" errors="0" timestamp="2023-03-14T14:32:18 IST" skipped="0">
  <testcase classname="Practice.Jse1" name="test" time="120.480"/>
  <system-out/>
</testsuite> <!-- Practice.Jse1 -->
