<?xml version="1.0" encoding="UTF-8"?>
<!-- Generated by org.testng.reporters.JUnitReportReporter -->
<testsuite hostname="Vishwanath-Naik" failures="0" tests="1" name="Practice.NotificationPopUp" time="65.503" errors="0" timestamp="2023-03-12T19:47:22 IST" skipped="0">
  <testcase classname="Practice.NotificationPopUp" name="pop" time="65.503"/>
  <system-out/>
</testsuite> <!-- Practice.NotificationPopUp -->
